TN:
SF:app\config\db.js
FN:14,(anonymous_0)
FN:15,(anonymous_1)
FN:16,(anonymous_2)
FNF:3
FNH:3
FNDA:1,(anonymous_0)
FNDA:1,(anonymous_1)
FNDA:1,(anonymous_2)
DA:1,1
DA:2,1
DA:4,1
DA:11,1
DA:13,1
DA:15,1
DA:16,1
DA:17,1
DA:18,0
DA:19,0
DA:21,1
DA:27,1
LF:12
LH:10
BRDA:17,0,0,0
BRDA:17,0,1,1
BRF:2
BRH:1
end_of_record
TN:
SF:app\controllers\schoolController.js
FN:5,(anonymous_0)
FN:21,(anonymous_1)
FNF:2
FNH:1
FNDA:1,(anonymous_0)
FNDA:0,(anonymous_1)
DA:1,1
DA:2,1
DA:6,1
DA:7,1
DA:8,1
DA:9,1
DA:14,0
DA:15,0
DA:22,0
DA:23,0
DA:24,0
DA:25,0
DA:26,0
DA:30,0
DA:31,0
DA:38,1
LF:16
LH:7
BRF:0
BRH:0
end_of_record
TN:
SF:app\controllers\swapiController.js
FN:5,(anonymous_0)
FNF:1
FNH:1
FNDA:1,(anonymous_0)
DA:1,1
DA:2,1
DA:6,1
DA:7,1
DA:8,1
DA:9,1
DA:10,1
DA:15,0
DA:16,0
DA:22,1
LF:10
LH:8
BRF:0
BRH:0
end_of_record
TN:
SF:app\middleware\polyglot.js
FNF:0
FNH:0
DA:1,1
DA:3,1
DA:16,1
LF:3
LH:3
BRF:0
BRH:0
end_of_record
TN:
SF:app\models\swapiModel.js
FN:4,(anonymous_0)
FN:7,(anonymous_1)
FNF:2
FNH:1
FNDA:1,(anonymous_0)
FNDA:0,(anonymous_1)
DA:1,1
DA:5,1
DA:8,0
DA:10,0
DA:11,0
DA:12,0
DA:15,0
DA:18,1
LF:8
LH:3
BRF:0
BRH:0
end_of_record
